C51 COMPILER V9.52.0.0   MAIN                                                              11/20/2017 14:33:59 PAGE 1   


C51 COMPILER V9.52.0.0, COMPILATION OF MODULE MAIN
OBJECT MODULE PLACED IN Main.OBJ
COMPILER INVOKED BY: C:\Keil\C51\BIN\C51.EXE Main.c BROWSE DEBUG OBJECTEXTEND TABS(2)

line level    source

   1          #include <STC12C5A60S2.H>
   2          #include "BackRoom.h"
   3          #include "Board.h"
   4          #include "uart.h"
   5          #include "mp3.h"
   6          
   7          sbit INPUT_A1_00 = P0^0;
   8          sbit INPUT_A2_01 = P0^1;
   9          sbit INPUT_A3_10 = P1^0;
  10          sbit INPUT_A4_11 = P1^1;
  11          sbit INPUT_A5_12 = P1^2;
  12          
  13          sbit INPUT_B1_02 = P0^2;
  14          sbit INPUT_B2_03 = P0^3;
  15          sbit INPUT_B3_13 = P1^3;
  16          sbit INPUT_B4_14 = P1^4;
  17          sbit INPUT_B5_15 = P1^5;
  18          
  19          sbit OUTPUT_A1_20 = P2^0;
  20          sbit OUTPUT_A2_21 = P2^1;
  21          sbit OUTPUT_A3_24 = P2^4;
  22          sbit OUTPUT_A4_25 = P2^5;
  23          sbit OUTPUT_A5_26 = P2^6;
  24          
  25          sbit OUTPUT_B1_22 = P2^2;
  26          sbit OUTPUT_B2_23 = P2^3;
  27          sbit OUTPUT_B3_27 = P2^7;
  28          sbit OUTPUT_B4_04 = P0^4;
  29          sbit OUTPUT_B5_05 = P0^5;
  30          
  31          sbit OUTPUT_DOOR = P0^6;
  32          
  33          int A_Count = 0;
  34          int B_Count = 0;
  35          
  36          void Last();
  37          
  38          void init()
  39          {
  40   1        INPUT_A1_00 = 0;
  41   1        INPUT_A2_01 = 0;
  42   1        INPUT_A3_10 = 0;
  43   1        INPUT_A4_11 = 0;
  44   1        INPUT_A5_12 = 0;  
  45   1        
  46   1        INPUT_B1_02 = 0;
  47   1        INPUT_B2_03 = 0;
  48   1        INPUT_B3_13 = 0;
  49   1        INPUT_B4_14 = 0;
  50   1        INPUT_B5_15 = 0;
  51   1        
  52   1        OUTPUT_A1_20 = 1;
  53   1        OUTPUT_A2_21 = 1;
  54   1        OUTPUT_A3_24 = 1;
  55   1        OUTPUT_A4_25 = 1;
C51 COMPILER V9.52.0.0   MAIN                                                              11/20/2017 14:33:59 PAGE 2   

  56   1        OUTPUT_A5_26 = 1; 
  57   1        
  58   1        OUTPUT_B1_22 = 1;
  59   1        OUTPUT_B2_23 = 1;
  60   1        OUTPUT_B3_27 = 1;
  61   1        OUTPUT_B4_04 = 1;
  62   1        OUTPUT_B5_05 = 1;
  63   1        
  64   1        OUTPUT_DOOR = 0;
  65   1        
  66   1        A_Count = 0;
  67   1        B_Count = 0;
  68   1      }
  69          void main()
  70          {
  71   1        init();
  72   1        uart_init();
  73   1        mp3_init();
  74   1      
  75   1        delay_ms(100);  
  76   1        
  77   1        while(1)
  78   1        {
  79   2          switch(step)
  80   2          {
  81   3            case 0:
  82   3              Last();
  83   3              break;
  84   3            
  85   3            case 1:
  86   3              OUTPUT_DOOR = 1;
  87   3              break;
  88   3          }
  89   2        }
  90   1      }
  91          
  92          void Last()
  93          {
  94   1          A_Count = 0;
  95   1          B_Count = 0;
  96   1          if(INPUT_A1_00 == 1)
  97   1          {
  98   2            delay_ms(50);
  99   2            if(INPUT_A1_00 == 1)
 100   2            {
 101   3              A_Count++;
 102   3            }
 103   2          }
 104   1          if(INPUT_A2_01 == 1)
 105   1          {
 106   2            delay_ms(50);
 107   2            if(INPUT_A2_01 == 1)
 108   2            {
 109   3              A_Count++;
 110   3            }
 111   2          }
 112   1          if(INPUT_A3_10 == 1)
 113   1          {
 114   2            delay_ms(50);
 115   2            if(INPUT_A3_10 == 1)
 116   2            {
 117   3              A_Count++;
C51 COMPILER V9.52.0.0   MAIN                                                              11/20/2017 14:33:59 PAGE 3   

 118   3            }
 119   2          }
 120   1          if(INPUT_A4_11 == 1)
 121   1          {
 122   2            delay_ms(50);
 123   2            if(INPUT_A4_11 == 1)
 124   2            {
 125   3              A_Count++;
 126   3            }
 127   2          }
 128   1          if(INPUT_A5_12 == 1)
 129   1          {
 130   2            delay_ms(50);
 131   2            if(INPUT_A5_12 == 1)
 132   2            {
 133   3              A_Count++;
 134   3            }
 135   2          }
 136   1        
 137   1          if(INPUT_B1_02 == 1)
 138   1          {
 139   2            delay_ms(50);
 140   2            if(INPUT_B1_02 == 1)
 141   2            {
 142   3              B_Count++;
 143   3            }
 144   2          }
 145   1          if(INPUT_B2_03 == 1)
 146   1          {
 147   2            delay_ms(50);
 148   2            if(INPUT_B2_03 == 1)
 149   2            {
 150   3              B_Count++;
 151   3            }
 152   2          }
 153   1          if(INPUT_B3_13 == 1)
 154   1          {
 155   2            delay_ms(50);
 156   2            if(INPUT_B3_13 == 1)
 157   2            {
 158   3              B_Count++;
 159   3            }
 160   2          }
 161   1          if(INPUT_B4_14 == 1)
 162   1          {
 163   2            delay_ms(50);
 164   2            if(INPUT_B4_14 == 1)
 165   2            {
 166   3              B_Count++;
 167   3            }
 168   2          }
 169   1          if(INPUT_B5_15 == 1)
 170   1          {
 171   2            delay_ms(50);
 172   2            if(INPUT_B5_15 == 1)
 173   2            {
 174   3              B_Count++;
 175   3            }
 176   2          }
 177   1          
 178   1          if(A_Count == 0)
 179   1          {
C51 COMPILER V9.52.0.0   MAIN                                                              11/20/2017 14:33:59 PAGE 4   

 180   2            OUTPUT_A1_20 = 1;
 181   2            OUTPUT_A2_21 = 1;
 182   2            OUTPUT_A3_24 = 1;
 183   2            OUTPUT_A4_25 = 1;
 184   2            OUTPUT_A5_26 = 1; 
 185   2          }
 186   1          else if(A_Count == 1)
 187   1          {
 188   2            OUTPUT_A1_20 = 0;
 189   2            OUTPUT_A2_21 = 1;
 190   2            OUTPUT_A3_24 = 1;
 191   2            OUTPUT_A4_25 = 1;
 192   2            OUTPUT_A5_26 = 1; 
 193   2          }
 194   1          else if(A_Count == 2)
 195   1          {
 196   2            OUTPUT_A1_20 = 0;
 197   2            OUTPUT_A2_21 = 0;
 198   2            OUTPUT_A3_24 = 1;
 199   2            OUTPUT_A4_25 = 1;
 200   2            OUTPUT_A5_26 = 1; 
 201   2          }
 202   1          else if(A_Count == 3)
 203   1          {
 204   2            OUTPUT_A1_20 = 0;
 205   2            OUTPUT_A2_21 = 0;
 206   2            OUTPUT_A3_24 = 0;
 207   2            OUTPUT_A4_25 = 1;
 208   2            OUTPUT_A5_26 = 1; 
 209   2          }
 210   1          else if(A_Count == 4)
 211   1          {
 212   2            OUTPUT_A1_20 = 0;
 213   2            OUTPUT_A2_21 = 0;
 214   2            OUTPUT_A3_24 = 0;
 215   2            OUTPUT_A4_25 = 0;
 216   2            OUTPUT_A5_26 = 1; 
 217   2          }
 218   1          else if(A_Count == 5)
 219   1          {
 220   2            OUTPUT_A1_20 = 0;
 221   2            OUTPUT_A2_21 = 0;
 222   2            OUTPUT_A3_24 = 0;
 223   2            OUTPUT_A4_25 = 0;
 224   2            OUTPUT_A5_26 = 0; 
 225   2            
 226   2            setStep(1);
 227   2            return;
 228   2          } 
 229   1          
 230   1          
 231   1          if(B_Count == 0)
 232   1          {
 233   2            OUTPUT_B1_22 = 1;
 234   2            OUTPUT_B2_23 = 1;
 235   2            OUTPUT_B3_27 = 1;
 236   2            OUTPUT_B4_04 = 1;
 237   2            OUTPUT_B5_05 = 1; 
 238   2          }
 239   1          else if(A_Count == 1)
 240   1          {
 241   2            OUTPUT_B1_22 = 0;
C51 COMPILER V9.52.0.0   MAIN                                                              11/20/2017 14:33:59 PAGE 5   

 242   2            OUTPUT_B2_23 = 1;
 243   2            OUTPUT_B3_27 = 1;
 244   2            OUTPUT_B4_04 = 1;
 245   2            OUTPUT_B5_05 = 1;
 246   2          }
 247   1          else if(A_Count == 2)
 248   1          {
 249   2            OUTPUT_B1_22 = 0;
 250   2            OUTPUT_B2_23 = 0;
 251   2            OUTPUT_B3_27 = 1;
 252   2            OUTPUT_B4_04 = 1;
 253   2            OUTPUT_B5_05 = 1;
 254   2          }
 255   1          else if(A_Count == 3)
 256   1          {
 257   2            OUTPUT_B1_22 = 0;
 258   2            OUTPUT_B2_23 = 0;
 259   2            OUTPUT_B3_27 = 0;
 260   2            OUTPUT_B4_04 = 1;
 261   2            OUTPUT_B5_05 = 1;
 262   2          }
 263   1          else if(A_Count == 4)
 264   1          {
 265   2            OUTPUT_B1_22 = 0;
 266   2            OUTPUT_B2_23 = 0;
 267   2            OUTPUT_B3_27 = 0;
 268   2            OUTPUT_B4_04 = 0;
 269   2            OUTPUT_B5_05 = 1;
 270   2          }
 271   1          else if(A_Count == 5)
 272   1          {
 273   2            OUTPUT_B1_22 = 0;
 274   2            OUTPUT_B2_23 = 0;
 275   2            OUTPUT_B3_27 = 0;
 276   2            OUTPUT_B4_04 = 0;
 277   2            OUTPUT_B5_05 = 0; 
 278   2            
 279   2            setStep(1);
 280   2            return;
 281   2          }
 282   1      }
 283          
 284          


MODULE INFORMATION:   STATIC OVERLAYABLE
   CODE SIZE        =    863    ----
   CONSTANT SIZE    =   ----    ----
   XDATA SIZE       =   ----    ----
   PDATA SIZE       =   ----    ----
   DATA SIZE        =      7       4
   IDATA SIZE       =   ----    ----
   BIT SIZE         =   ----    ----
END OF MODULE INFORMATION.


C51 COMPILATION COMPLETE.  0 WARNING(S),  0 ERROR(S)
